<?xml version="1.0" encoding="UTF-8"?>
<testsuite name="MainTest" tests="1" skipped="0" failures="0" errors="0" timestamp="2021-06-30T21:44:49" hostname="rappac-a01.vmware.com" time="0.013">
  <properties/>
  <testcase name="PrintLightSourceAndRoomColorFromGuestBedroom()" classname="MainTest" time="0.013"/>
  <system-out><![CDATA[]]></system-out>
  <system-err><![CDATA[]]></system-err>
</testsuite>
