<?xml version="1.0" encoding="UTF-8"?>
<testsuite name="MainTest" tests="5" skipped="0" failures="0" errors="0" timestamp="2021-07-05T17:44:29" hostname="rappac-a01.vmware.com" time="0.024">
  <properties/>
  <testcase name="CreateNewInstanceOfGuestBedroomAndPrintBedSize()" classname="MainTest" time="0.015"/>
  <testcase name="PrintLightSourceAndRoomColorFromGuestBedroom()" classname="MainTest" time="0.004"/>
  <testcase name="AddFloorReturnsTile()" classname="MainTest" time="0.0"/>
  <testcase name="CreateNewInstanceOfGuestBedroomAndPrintRoomColor()" classname="MainTest" time="0.001"/>
  <testcase name="CreateNewInstanceOfGuestBedroomAndPrintLightSource()" classname="MainTest" time="0.001"/>
  <system-out><![CDATA[]]></system-out>
  <system-err><![CDATA[]]></system-err>
</testsuite>
